{"name": "test_5", "status": "failed", "statusDetails": {"message": "AssertionError: assert 1 == 2", "trace": "@allure.feature('模块三')\n    @allure.severity('blocker')\n    def test_5():\n>       assert 1==2\nE       assert 1 == 2\n\ntest_allure.py:53: AssertionError"}, "start": 1566183684337, "stop": 1566183684338, "uuid": "9c4ff2a6-be2d-4618-8c7e-fd164a1a4326", "historyId": "7d93e9a00464d2cf3b97ce0a15fe7188", "fullName": "test_allure#test_5", "labels": [{"name": "severity", "value": "blocker"}, {"name": "feature", "value": "模块三"}, {"name": "parentSuite"}, {"name": "suite", "value": "test_allure"}, {"name": "subSuite"}, {"name": "host", "value": "Caizhanyang"}, {"name": "thread", "value": "17720-MainThread"}, {"name": "framework", "value": "pytest"}, {"name": "language", "value": "cpython3"}, {"name": "package", "value": "test_allure"}]}