{"name": "test_7", "status": "failed", "statusDetails": {"message": "AssertionError: assert 3 == 2", "trace": "@allure.feature('模块三')\n    @allure.severity('minor')\n    def test_7():\n>       assert 3==2\nE       assert 3 == 2\n\ntest_allure.py:63: AssertionError"}, "start": 1566183684349, "stop": 1566183684349, "uuid": "1097ea3c-55a4-4643-8838-da969c3beb34", "historyId": "04dd486f16b4e8493a41451fe0c8d245", "fullName": "test_allure#test_7", "labels": [{"name": "severity", "value": "minor"}, {"name": "feature", "value": "模块三"}, {"name": "parentSuite"}, {"name": "suite", "value": "test_allure"}, {"name": "subSuite"}, {"name": "host", "value": "Caizhanyang"}, {"name": "thread", "value": "17720-MainThread"}, {"name": "framework", "value": "pytest"}, {"name": "language", "value": "cpython3"}, {"name": "package", "value": "test_allure"}]}