{"name": "test_7", "status": "failed", "statusDetails": {"message": "AssertionError: assert 3 == 2", "trace": "@allure.feature('模块三')\n    @allure.severity('minor')\n    def test_7():\n>       assert 3==2\nE       assert 3 == 2\n\ntest_allure.py:61: AssertionError"}, "start": 1566181558843, "stop": 1566181558843, "uuid": "fe5336ae-2e08-4a9f-87a9-8389997caf6a", "historyId": "04dd486f16b4e8493a41451fe0c8d245", "fullName": "test_allure#test_7", "labels": [{"name": "feature", "value": "模块三"}, {"name": "severity", "value": "minor"}, {"name": "parentSuite"}, {"name": "suite", "value": "test_allure"}, {"name": "subSuite"}, {"name": "host", "value": "Caizhanyang"}, {"name": "thread", "value": "14492-MainThread"}, {"name": "framework", "value": "pytest"}, {"name": "language", "value": "cpython3"}, {"name": "package", "value": "test_allure"}]}