{"name": "test_5", "status": "failed", "statusDetails": {"message": "AssertionError: assert 1 == 2", "trace": "@allure.feature('模块三')\n    @allure.severity('blocker')\n    def test_5():\n>       assert 1==2\nE       assert 1 == 2\n\ntest_allure.py:51: AssertionError"}, "start": 1566181558832, "stop": 1566181558832, "uuid": "90cf11d2-b070-4e7a-bb11-1bd05b6d9c62", "historyId": "7d93e9a00464d2cf3b97ce0a15fe7188", "fullName": "test_allure#test_5", "labels": [{"name": "severity", "value": "blocker"}, {"name": "feature", "value": "模块三"}, {"name": "parentSuite"}, {"name": "suite", "value": "test_allure"}, {"name": "subSuite"}, {"name": "host", "value": "Caizhanyang"}, {"name": "thread", "value": "14492-MainThread"}, {"name": "framework", "value": "pytest"}, {"name": "language", "value": "cpython3"}, {"name": "package", "value": "test_allure"}]}